<?xml version="1.0" encoding="UTF-8"?>
<testng-results ignored="0" total="1" passed="1" failed="0" skipped="0">
  <reporter-output>
  </reporter-output>
  <suite started-at="2024-02-04T02:28:07 IST" name="Default suite" finished-at="2024-02-04T02:28:16 IST" duration-ms="8844">
    <groups>
    </groups>
    <test started-at="2024-02-04T02:28:07 IST" name="Default test" finished-at="2024-02-04T02:28:16 IST" duration-ms="8844">
      <class name="sequence6_EcommerceAPIExample.TestEcommerce">
        <test-method signature="createProduct()[pri:0, instance:sequence6_EcommerceAPIExample.TestEcommerce@593aaf41]" started-at="2024-02-04T02:28:07 IST" name="createProduct" finished-at="2024-02-04T02:28:16 IST" duration-ms="8781" status="PASS">
          <reporter-output>
          </reporter-output>
        </test-method> <!-- createProduct -->
      </class> <!-- sequence6_EcommerceAPIExample.TestEcommerce -->
    </test> <!-- Default test -->
  </suite> <!-- Default suite -->
</testng-results>
